Removed Pin From Net: NetName=IN1P Pin=U3-1
Removed Pin From Net: NetName=IN2P Pin=U3-2
Removed Pin From Net: NetName=IN3P Pin=U3-3
Removed Pin From Net: NetName=IN4P Pin=U3-4
Removed Pin From Net: NetName=4P Pin=U3-5
Removed Pin From Net: NetName=3P Pin=U3-6
Removed Pin From Net: NetName=2P Pin=U3-7
Removed Pin From Net: NetName=1P Pin=U3-8
Removed Pin From Net: NetName=IN4P Pin=U5-5
Removed Pin From Net: NetName=IN3P Pin=U5-6
Removed Pin From Net: NetName=IN2P Pin=U5-7
Removed Pin From Net: NetName=IN1P Pin=U5-8
Removed Pin From Net: NetName=IN5P Pin=U6-1
Removed Pin From Net: NetName=IN6P Pin=U6-2
Removed Pin From Net: NetName=IN7P Pin=U6-3
Removed Pin From Net: NetName=IN8P Pin=U6-4
Removed Pin From Net: NetName=8P Pin=U6-5
Removed Pin From Net: NetName=7P Pin=U6-6
Removed Pin From Net: NetName=6P Pin=U6-7
Removed Pin From Net: NetName=5P Pin=U6-8
Removed Pin From Net: NetName=IN8P Pin=U7-5
Removed Pin From Net: NetName=IN7P Pin=U7-6
Removed Pin From Net: NetName=IN6P Pin=U7-7
Removed Pin From Net: NetName=IN5P Pin=U7-8
Removed Pin From Net: NetName=SRB1 Pin=U9-1
Removed Pin From Net: NetName=SRB2 Pin=U9-2
Removed Pin From Net: NetName=BIAS_DRV Pin=U9-3
Removed Pin From Net: NetName=GND Pin=U9-4
Removed Pin From Net: NetName=GND Pin=U9-5
Removed Pin From Net: NetName=BIAS Pin=U9-6
Removed Pin From Net: NetName=SRB2out Pin=U9-7
Removed Pin From Net: NetName=SRB1out Pin=U9-8
Added Pin To Net: NetName=SRB1 Pin=U3-1
Added Pin To Net: NetName=SRB2 Pin=U3-2
Added Pin To Net: NetName=IN1P Pin=U3-3
Added Pin To Net: NetName=IN2P Pin=U3-4
Added Pin To Net: NetName=2P Pin=U3-5
Added Pin To Net: NetName=1P Pin=U3-6
Added Pin To Net: NetName=SRB2out Pin=U3-7
Added Pin To Net: NetName=SRB1out Pin=U3-8
Added Pin To Net: NetName=IN2P Pin=U5-5
Added Pin To Net: NetName=IN1P Pin=U5-6
Added Pin To Net: NetName=IN3P Pin=U5-7
Added Pin To Net: NetName=IN4P Pin=U5-8
Added Pin To Net: NetName=IN7P Pin=U6-1
Added Pin To Net: NetName=IN8P Pin=U6-2
Added Pin To Net: NetName=BIAS_DRV Pin=U6-3
Added Pin To Net: NetName=GND Pin=U6-4
Added Pin To Net: NetName=GND Pin=U6-5
Added Pin To Net: NetName=BIAS Pin=U6-6
Added Pin To Net: NetName=8P Pin=U6-7
Added Pin To Net: NetName=7P Pin=U6-8
Added Pin To Net: NetName=IN6P Pin=U7-5
Added Pin To Net: NetName=IN5P Pin=U7-6
Added Pin To Net: NetName=IN7P Pin=U7-7
Added Pin To Net: NetName=IN8P Pin=U7-8
Added Pin To Net: NetName=IN3P Pin=U9-1
Added Pin To Net: NetName=IN4P Pin=U9-2
Added Pin To Net: NetName=IN5P Pin=U9-3
Added Pin To Net: NetName=IN6P Pin=U9-4
Added Pin To Net: NetName=6P Pin=U9-5
Added Pin To Net: NetName=5P Pin=U9-6
Added Pin To Net: NetName=4P Pin=U9-7
Added Pin To Net: NetName=3P Pin=U9-8
