Change Physical Footprint: Designator=C1 Old Footprint=0402resistor New Footprint=0402resistor
Change Physical Footprint: Designator=C2 Old Footprint=0402resistor New Footprint=0402resistor
Change Physical Footprint: Designator=C3 Old Footprint=0402resistor New Footprint=0402resistor
Change Physical Footprint: Designator=C4 Old Footprint=0402resistor New Footprint=0402resistor
Change Physical Footprint: Designator=C5 Old Footprint=0402resistor New Footprint=0402resistor
Change Physical Footprint: Designator=C6 Old Footprint=0402resistor New Footprint=0402resistor
Change Physical Footprint: Designator=C7 Old Footprint=0402resistor New Footprint=0402resistor
Change Physical Footprint: Designator=C8 Old Footprint=0402resistor New Footprint=0402resistor
Change Physical Footprint: Designator=C9 Old Footprint=0402resistor New Footprint=0402resistor
Change Physical Footprint: Designator=C10 Old Footprint=0402resistor New Footprint=0402resistor
Change Physical Footprint: Designator=C11 Old Footprint=0402resistor New Footprint=0402resistor
Change Physical Footprint: Designator=C12 Old Footprint=0402resistor New Footprint=0402resistor
Change Physical Footprint: Designator=C13 Old Footprint=0402resistor New Footprint=0402resistor
Change Physical Footprint: Designator=C14 Old Footprint=0402resistor New Footprint=0402resistor
Change Physical Footprint: Designator=C15 Old Footprint=0402resistor New Footprint=0402resistor
Change Physical Footprint: Designator=C16 Old Footprint=0402resistor New Footprint=0402resistor
Change Physical Footprint: Designator=C17 Old Footprint=0402resistor New Footprint=0402resistor
Change Physical Footprint: Designator=C18 Old Footprint=0402resistor New Footprint=0402resistor
Change Physical Footprint: Designator=C19 Old Footprint=1206resistor New Footprint=1206resistor
Change Physical Footprint: Designator=C20 Old Footprint=0402resistor New Footprint=0402resistor
Change Physical Footprint: Designator=C21 Old Footprint=0402resistor New Footprint=0402resistor
Change Physical Footprint: Designator=C22 Old Footprint=0402resistor New Footprint=0402resistor
Change Physical Footprint: Designator=C23 Old Footprint=1206resistor New Footprint=1206resistor
Change Physical Footprint: Designator=D1 Old Footprint=SOT23-3_TVS New Footprint=SOT23-3_TVS
Change Physical Footprint: Designator=D2 Old Footprint=LED New Footprint=LED
Change Physical Footprint: Designator=J1 Old Footprint=Battery_Conn New Footprint=Battery_Conn
Change Physical Footprint: Designator=J2 Old Footprint=12pin_Header New Footprint=12pin_Header
Change Physical Footprint: Designator=J3 Old Footprint=SD_Conn New Footprint=SD_Conn
Change Physical Footprint: Designator=J4 Old Footprint=6pin_Header New Footprint=6pin_Header
Change Physical Footprint: Designator=L1 Old Footprint=0603INDUCTOR New Footprint=0603INDUCTOR
Change Physical Footprint: Designator=L2 Old Footprint=0603INDUCTOR New Footprint=0603INDUCTOR
Change Physical Footprint: Designator=R1 Old Footprint=0402resistor New Footprint=0402resistor
Change Physical Footprint: Designator=R2 Old Footprint=0402resistor New Footprint=0402resistor
Change Physical Footprint: Designator=R3 Old Footprint=0402resistor New Footprint=0402resistor
Change Physical Footprint: Designator=R4 Old Footprint=0402resistor New Footprint=0402resistor
Change Physical Footprint: Designator=R5 Old Footprint=0402resistor New Footprint=0402resistor
Change Physical Footprint: Designator=R6 Old Footprint=0402resistor New Footprint=0402resistor
Change Physical Footprint: Designator=R7 Old Footprint=0402resistor New Footprint=0402resistor
Change Physical Footprint: Designator=R8 Old Footprint=0402resistor New Footprint=0402resistor
Change Physical Footprint: Designator=R9 Old Footprint=0402resistor New Footprint=0402resistor
Change Physical Footprint: Designator=R10 Old Footprint=0402resistor New Footprint=0402resistor
Change Physical Footprint: Designator=R11 Old Footprint=0402resistor New Footprint=0402resistor
Change Physical Footprint: Designator=R12 Old Footprint=0402resistor New Footprint=0402resistor
Change Physical Footprint: Designator=R13 Old Footprint=0402resistor New Footprint=0402resistor
Change Physical Footprint: Designator=R14 Old Footprint=0402resistor New Footprint=0402resistor
Change Physical Footprint: Designator=R15 Old Footprint=0402resistor New Footprint=0402resistor
Change Physical Footprint: Designator=R16 Old Footprint=0402resistor New Footprint=0402resistor
Change Physical Footprint: Designator=SW1 Old Footprint=BasicTwoPinSwitch New Footprint=BasicTwoPinSwitch
Change Physical Footprint: Designator=SW2 Old Footprint=BasicTwoPinSwitch New Footprint=BasicTwoPinSwitch
Change Physical Footprint: Designator=SW3 Old Footprint=SW_SPDT New Footprint=SW_SPDT
Change Physical Footprint: Designator=U1 Old Footprint=64-TQFP New Footprint=64-TQFP
Change Physical Footprint: Designator=U2 Old Footprint=SOT23_Buck New Footprint=SOT23_Buck
Change Physical Footprint: Designator=U3 Old Footprint=Rarray New Footprint=Rarray
Change Physical Footprint: Designator=U4 Old Footprint=SOT23-6 New Footprint=SOT23-6
Change Physical Footprint: Designator=U5 Old Footprint=Cap_array New Footprint=Cap_array
Change Physical Footprint: Designator=U6 Old Footprint=Rarray New Footprint=Rarray
Change Physical Footprint: Designator=U7 Old Footprint=Cap_array New Footprint=Cap_array
Change Physical Footprint: Designator=U8 Old Footprint=SSOP28 New Footprint=SSOP28
Change Physical Footprint: Designator=U9 Old Footprint=Rarray New Footprint=Rarray
Change Physical Footprint: Designator=Y1 Old Footprint=3x5mm_XTAL New Footprint=3x5mm_XTAL
