Removed Pin From Net: NetName=1P Pin=U3-5
Removed Pin From Net: NetName=2P Pin=U3-6
Removed Pin From Net: NetName=3P Pin=U3-7
Removed Pin From Net: NetName=4P Pin=U3-8
Removed Pin From Net: NetName=5P Pin=U6-5
Removed Pin From Net: NetName=6P Pin=U6-6
Removed Pin From Net: NetName=7P Pin=U6-7
Removed Pin From Net: NetName=8P Pin=U6-8
Removed Pin From Net: NetName=BIAS Pin=U9-5
Removed Pin From Net: NetName=SRB2out Pin=U9-6
Removed Pin From Net: NetName=SRB1out Pin=U9-7
Removed Pin From Net: NetName=GND Pin=U9-8
Change component parameters: Designator = "SW3"; Footprint = "SW_SPDT"; UniqueID = "\FYSBCFFL"
Change component parameters. Clean all parameters for all variants
Change component parameters (AddParameter): Name = "ComponentLink1Description"; Value = "digikey"; VariantName = "[No Variations]"
Change component parameters (AddParameter): Name = "ComponentLink1URL"; Value = "https://www.digikey.ca/product-detail/en/w-rth-elektronik/450404015514/732-13665-1-ND/9950835"; VariantName = "[No Variations]"
Change component parameters (AddParameter): Name = "Manufacturer"; Value = "Wurth Electronics"; VariantName = "[No Variations]"
Change component parameters (AddParameter): Name = "Manufacturer Part Number"; Value = "450404015514"; VariantName = "[No Variations]"
Change component parameters (AddParameter): Name = "Pricing 1"; Value = "1=0.75, 25=0.7212, 50=0.688, 250=0.622, 1500=0.5461 (USD)"; VariantName = "[No Variations]"
Change component parameters (AddParameter): Name = "Stock 1"; Value = "2610"; VariantName = "[No Variations]"
Change component parameters (AddParameter): Name = "Supplier 1"; Value = "Digi-Key"; VariantName = "[No Variations]"
Change component parameters (AddParameter): Name = "Supplier Part Number 1"; Value = "732-13665-6-ND"; VariantName = "[No Variations]"
Added Pin To Net: NetName=4P Pin=U3-5
Added Pin To Net: NetName=3P Pin=U3-6
Added Pin To Net: NetName=2P Pin=U3-7
Added Pin To Net: NetName=1P Pin=U3-8
Added Pin To Net: NetName=8P Pin=U6-5
Added Pin To Net: NetName=7P Pin=U6-6
Added Pin To Net: NetName=6P Pin=U6-7
Added Pin To Net: NetName=5P Pin=U6-8
Added Pin To Net: NetName=GND Pin=U9-5
Added Pin To Net: NetName=SRB1out Pin=U9-6
Added Pin To Net: NetName=SRB2out Pin=U9-7
Added Pin To Net: NetName=BIAS Pin=U9-8
